Copyright 1986-2022 Xilinx, Inc. All Rights Reserved.
------------------------------------------------------------------------------------
| Tool Version : Vivado v.2022.2 (win64) Build 3671981 Fri Oct 14 05:00:03 MDT 2022
| Date         : Fri Nov 17 20:45:37 2023
| Host         : DESKTOP-O6GVJKR running 64-bit major release  (build 9200)
| Command      : upgrade_ip
| Device       : xc7z010clg400-1
------------------------------------------------------------------------------------

Upgrade Log for IP 'design_1_GraphicTop_0_2'

1. Summary
----------

SUCCESS in the conversion of design_1_GraphicTop_0_2 (xilinx.com:user:GraphicTop:1.0 (Rev. 2)) to Vivado generation flows.






Copyright 1986-2022 Xilinx, Inc. All Rights Reserved.
------------------------------------------------------------------------------------
| Tool Version : Vivado v.2022.2 (win64) Build 3671981 Fri Oct 14 05:00:03 MDT 2022
| Date         : Thu Nov 16 22:52:45 2023
| Host         : DESKTOP-O6GVJKR running 64-bit major release  (build 9200)
| Command      : upgrade_ip
| Device       : xc7z010clg400-1
------------------------------------------------------------------------------------

Upgrade Log for IP 'design_1_GraphicTop_0_2'

1. Summary
----------

SUCCESS in the conversion of design_1_GraphicTop_0_2 (xilinx.com:user:GraphicTop:1.0 (Rev. 2)) to Vivado generation flows.






Copyright 1986-2022 Xilinx, Inc. All Rights Reserved.
------------------------------------------------------------------------------------
| Tool Version : Vivado v.2022.2 (win64) Build 3671981 Fri Oct 14 05:00:03 MDT 2022
| Date         : Mon Nov 13 09:27:29 2023
| Host         : DESKTOP-O6GVJKR running 64-bit major release  (build 9200)
| Command      : upgrade_ip
| Device       : xc7z010clg400-1
------------------------------------------------------------------------------------

Upgrade Log for IP 'design_1_GraphicTop_0_0'

1. Summary
----------

CAUTION (success, with warnings) in the conversion of design_1_GraphicTop_0_0 (xilinx.com:user:GraphicTop:1.0 (Rev. 2)) to Vivado generation flows.

After upgrade, an IP may have parameter and port differences compared to the original customization. Please review the parameters within the IP customization GUI to ensure proper functionality. Also, please review the updated IP instantiation template to ensure proper connectivity, and update your design if required.

2. Connection Warnings
----------------------

Detected external port differences while upgrading 'design_1_GraphicTop_0_0'. These changes may impact your design.


-Upgraded port 'gpio_out' width 2 differs from original width 1


