#-----------------------------------------------------------
# Vivado v2022.2 (64-bit)
# SW Build 3671981 on Fri Oct 14 05:00:03 MDT 2022
# IP Build 3669848 on Fri Oct 14 08:30:02 MDT 2022
# Start of session at: Wed Nov 15 22:47:31 2023
# Process ID: 2796
# Current directory: C:/Users/Jeyun/Desktop/fpga/barami_project-2023/barami_game/barami_game
# Command line: vivado.exe -gui_launcher_event rodinguilauncherevent40296 C:\Users\Jeyun\Desktop\fpga\barami_project-2023\barami_game\barami_game\barami_game.xpr
# Log file: C:/Users/Jeyun/Desktop/fpga/barami_project-2023/barami_game/barami_game/vivado.log
# Journal file: C:/Users/Jeyun/Desktop/fpga/barami_project-2023/barami_game/barami_game\vivado.jou
# Running On: DESKTOP-O6GVJKR, OS: Windows, CPU Frequency: 3686 MHz, CPU Physical cores: 10, Host memory: 16908 MB
#-----------------------------------------------------------
start_gui
open_project C:/Users/Jeyun/Desktop/fpga/barami_project-2023/barami_game/barami_game/barami_game.xpr
WARNING: [Board 49-26] cannot add Board Part xilinx.com:vek280_es:part0:1.0 available at C:/Xilinx/Vivado/2022.2/data/xhub/boards/XilinxBoardStore/boards/Xilinx/vek280/es/1.0/board.xml as part xcve2802-vsvh1760-2lp-e-s-es1 specified in board_part file is either invalid or not available
WARNING: [Board 49-26] cannot add Board Part xilinx.com:vhk158_es:part0:1.0 available at C:/Xilinx/Vivado/2022.2/data/xhub/boards/XilinxBoardStore/boards/Xilinx/vhk158/es/1.0/board.xml as part xcvh1582-vsva3697-2mp-e-s-es1 specified in board_part file is either invalid or not available
WARNING: [Board 49-26] cannot add Board Part xilinx.com:vpk120_es:part0:1.2 available at C:/Xilinx/Vivado/2022.2/data/xhub/boards/XilinxBoardStore/boards/Xilinx/vpk120/es/1.2/board.xml as part xcvp1202-vsva2785-2mp-e-s-es1 specified in board_part file is either invalid or not available
WARNING: [Board 49-26] cannot add Board Part xilinx.com:vpk120_es_revb:part0:1.0 available at C:/Xilinx/Vivado/2022.2/data/xhub/boards/XilinxBoardStore/boards/Xilinx/vpk120_revb/es/1.0/board.xml as part xcvp1202-vsva2785-2mp-e-s-es1 specified in board_part file is either invalid or not available
WARNING: [Board 49-26] cannot add Board Part xilinx.com:vpk180_es:part0:1.0 available at C:/Xilinx/Vivado/2022.2/data/xhub/boards/XilinxBoardStore/boards/Xilinx/vpk180/es/1.0/board.xml as part xcvp1802-lsvc4072-2mp-e-s-es1 specified in board_part file is either invalid or not available
WARNING: [Board 49-26] cannot add Board Part xilinx.com:zcu208ld:part0:2.0 available at C:/Xilinx/Vivado/2022.2/data/xhub/boards/XilinxBoardStore/boards/Xilinx/zcu208ld/production/2.0/board.xml as part xczu58dr-fsvg1517-2-i specified in board_part file is either invalid or not available
WARNING: [Board 49-26] cannot add Board Part xilinx.com:zcu216ld:part0:2.0 available at C:/Xilinx/Vivado/2022.2/data/xhub/boards/XilinxBoardStore/boards/Xilinx/zcu216ld/production/2.0/board.xml as part xczu59dr-ffvf1760-2-i specified in board_part file is either invalid or not available
WARNING: [Board 49-26] cannot add Board Part xilinx.com:zcu670:part0:2.0 available at C:/Xilinx/Vivado/2022.2/data/xhub/boards/XilinxBoardStore/boards/Xilinx/zcu670/2.0/board.xml as part xczu67dr-fsve1156-2-i specified in board_part file is either invalid or not available
WARNING: [Board 49-26] cannot add Board Part xilinx.com:zcu670ld:part0:1.0 available at C:/Xilinx/Vivado/2022.2/data/xhub/boards/XilinxBoardStore/boards/Xilinx/zcu670ld/1.0/board.xml as part xczu57dr-fsve1156-2-i specified in board_part file is either invalid or not available
Scanning sources...
Finished scanning sources
WARNING: [Board 49-151] The current board 'digilentinc.com::zybo-z7-10:1.1' is from a local repo. The vivado install has a corresponding board with version greater than or equal to the local repo board. Please use boards from vivado install to avoid any upgrade/migrate issues
INFO: [IP_Flow 19-234] Refreshing IP repositories
INFO: [IP_Flow 19-1700] Loaded user IP repository 'c:/Users/Jeyun/Desktop/fpga/barami_project-2023/barami_game/barami_game_2/mypara2seri'.
INFO: [IP_Flow 19-1700] Loaded user IP repository 'c:/Users/Jeyun/Desktop/fpga/barami_project-2023/barami_game/GraphicTop'.
INFO: [IP_Flow 19-2313] Loaded Vivado IP repository 'C:/Xilinx/Vivado/2022.2/data/ip'.
open_project: Time (s): cpu = 00:00:04 ; elapsed = 00:00:10 . Memory (MB): peak = 1790.270 ; gain = 384.824
update_compile_order -fileset sources_1
INFO: [Vivado 12-8231] Launching Vitis
INFO: [Vivado 12-417] Running vitis
INFO: [Vivado 12-8232] Vitis launch initiated. Please check console for any further messages.
WARNING: [IP_Flow 19-4318] IP-XACT file does not exist: c:/Users/Jeyun/Desktop/fpga/barami_project-2023/barami_game/GraphicTop/component.xml. It will be created.
update_ip_catalog -rebuild -scan_changes
INFO: [IP_Flow 19-234] Refreshing IP repositories
INFO: [IP_Flow 19-1700] Loaded user IP repository 'c:/Users/Jeyun/Desktop/fpga/barami_project-2023/barami_game/barami_game_2/mypara2seri'.
INFO: [IP_Flow 19-1700] Loaded user IP repository 'c:/Users/Jeyun/Desktop/fpga/barami_project-2023/barami_game/GraphicTop'.
report_ip_status -name ip_status
open_bd_design {C:/Users/Jeyun/Desktop/fpga/barami_project-2023/barami_game/barami_game/barami_game.srcs/sources_1/bd/design_1/design_1.bd}
Reading block design file <C:/Users/Jeyun/Desktop/fpga/barami_project-2023/barami_game/barami_game/barami_game.srcs/sources_1/bd/design_1/design_1.bd>...
Adding component instance block -- xilinx.com:ip:processing_system7:5.5 - processing_system7_0
Adding component instance block -- xilinx.com:ip:c_counter_binary:12.0 - c_counter_binary_0
Adding component instance block -- xilinx.com:ip:xlslice:1.0 - xlslice_0
Adding component instance block -- xilinx.com:ip:axi_gpio:2.0 - axi_gpio_0
Adding component instance block -- xilinx.com:ip:axi_gpio:2.0 - axi_gpio_1
Adding component instance block -- xilinx.com:ip:axi_iic:2.1 - axi_iic_0
Adding component instance block -- xilinx.com:ip:axi_fifo_mm_s:4.2 - axi_fifo_mm_s_0
Adding component instance block -- xilinx.com:user:mypara2seri:1.0 - mypara2seri_0
Adding component instance block -- xilinx.com:ip:axi_interconnect:2.1 - ps7_0_axi_periph
Adding component instance block -- xilinx.com:ip:axi_crossbar:2.1 - xbar
Adding component instance block -- xilinx.com:ip:axi_protocol_converter:2.1 - auto_pc
Adding component instance block -- xilinx.com:ip:proc_sys_reset:5.0 - rst_ps7_0_50M
Adding component instance block -- xilinx.com:ip:clk_wiz:6.0 - clk_wiz_0
Adding component instance block -- xilinx.com:user:GraphicTop:1.0 - GraphicTop_0
Successfully read diagram <design_1> from block design file <C:/Users/Jeyun/Desktop/fpga/barami_project-2023/barami_game/barami_game/barami_game.srcs/sources_1/bd/design_1/design_1.bd>
open_bd_design: Time (s): cpu = 00:00:04 ; elapsed = 00:00:06 . Memory (MB): peak = 1945.066 ; gain = 87.305
delete_bd_objs [get_bd_nets GraphicTop_0_hdmi_tx_ch0_n] [get_bd_nets clk_125m_1] [get_bd_nets btn2_1] [get_bd_nets axi_gpio_1_gpio_io_o] [get_bd_nets GraphicTop_0_hdmi_tx_ch0_p] [get_bd_nets GraphicTop_0_hdmi_tx_ch1_n] [get_bd_nets GraphicTop_0_hdmi_tx_ch2_p] [get_bd_nets GraphicTop_0_hdmi_tx_ch2_n] [get_bd_nets GraphicTop_0_hdmi_tx_clk_p] [get_bd_nets GraphicTop_0_gpio_out] [get_bd_nets btn0_1] [get_bd_nets GraphicTop_0_hdmi_tx_ch1_p] [get_bd_nets GraphicTop_0_hdmi_tx_clk_n] [get_bd_cells GraphicTop_0]
startgroup
create_bd_cell -type ip -vlnv xilinx.com:user:GraphicTop:1.0 GraphicTop_0
endgroup
set_property location {4 1138 -241} [get_bd_cells GraphicTop_0]
startgroup
apply_bd_automation -rule xilinx.com:bd_rule:board -config { Board_Interface {btns_4bits ( 4 Buttons ) } Manual_Source {Auto}}  [get_bd_intf_pins axi_gpio_0/GPIO]
INFO: [board_rule 100-100] set_property CONFIG.USE_BOARD_FLOW true [get_bd_cells /axi_gpio_0]
INFO: [board_rule 100-100] set_property CONFIG.GPIO_BOARD_INTERFACE btns_4bits [get_bd_cells /axi_gpio_0]
INFO: [BoardRule 102-8] create_bd_intf_port -mode Master -vlnv xilinx.com:interface:gpio_rtl:1.0 btns_4bits
INFO: [BoardRule 102-9] connect_bd_intf_net /btns_4bits /axi_gpio_0/GPIO
apply_bd_automation -rule xilinx.com:bd_rule:board -config { Board_Interface {btns_4bits ( 4 Buttons ) } Manual_Source {Auto}}  [get_bd_intf_pins axi_gpio_1/GPIO]
INFO: [board_rule 100-100] set_property CONFIG.USE_BOARD_FLOW true [get_bd_cells /axi_gpio_1]
INFO: [board_rule 100-100] set_property CONFIG.GPIO_BOARD_INTERFACE btns_4bits [get_bd_cells /axi_gpio_1]
INFO: [BoardRule 102-8] create_bd_intf_port -mode Master -vlnv xilinx.com:interface:gpio_rtl:1.0 btns_4bits_0
INFO: [BoardRule 102-9] connect_bd_intf_net /btns_4bits_0 /axi_gpio_1/GPIO
endgroup
delete_bd_objs [get_bd_intf_nets axi_gpio_1_GPIO]
delete_bd_objs [get_bd_intf_ports btns_4bits_0]
delete_bd_objs [get_bd_intf_nets axi_gpio_0_GPIO]
delete_bd_objs [get_bd_intf_ports btns_4bits]
undo
INFO: [Common 17-17] undo 'delete_bd_objs [get_bd_intf_ports btns_4bits]'
undo
INFO: [Common 17-17] undo 'delete_bd_objs [get_bd_intf_nets axi_gpio_0_GPIO]'
undo
INFO: [Common 17-17] undo 'delete_bd_objs [get_bd_intf_ports btns_4bits_0]'
undo
INFO: [Common 17-17] undo 'delete_bd_objs [get_bd_intf_nets axi_gpio_1_GPIO]'
undo
INFO: [Common 17-17] undo 'endgroup'
INFO: [Common 17-17] undo 'apply_bd_automation -rule xilinx.com:bd_rule:board -config { Board_Interface {btns_4bits ( 4 Buttons ) } Manual_Source {Auto}}  [get_bd_intf_pins axi_gpio_1/GPIO]'
INFO: [Common 17-17] undo 'apply_bd_automation -rule xilinx.com:bd_rule:board -config { Board_Interface {btns_4bits ( 4 Buttons ) } Manual_Source {Auto}}  [get_bd_intf_pins axi_gpio_0/GPIO]'
INFO: [Common 17-17] undo 'startgroup'
undo
INFO: [Common 17-17] undo 'set_property location {4 1138 -241} [get_bd_cells GraphicTop_0]'
undo
INFO: [Common 17-17] undo 'endgroup'
INFO: [Common 17-17] undo 'create_bd_cell -type ip -vlnv xilinx.com:user:GraphicTop:1.0 GraphicTop_0'
INFO: [Common 17-17] undo 'startgroup'
undo
INFO: [Common 17-17] undo 'delete_bd_objs [get_bd_nets GraphicTop_0_hdmi_tx_ch0_n] [get_bd_nets clk_125m_1] [get_bd_nets btn2_1] [get_bd_nets axi_gpio_1_gpio_io_o] [get_bd_nets GraphicTop_0_hdmi_tx_ch0_p] [get_bd_nets GraphicTop_0_hdmi_tx_ch1_n] [get_bd_nets GraphicTop_0_hdmi_tx_ch2_p] [get_bd_nets GraphicTop_0_hdmi_tx_ch2_n] [get_bd_nets GraphicTop_0_hdmi_tx_clk_p] [get_bd_nets GraphicTop_0_gpio_out] [get_bd_nets btn0_1] [get_bd_nets GraphicTop_0_hdmi_tx_ch1_p] [get_bd_nets GraphicTop_0_hdmi_tx_clk_n] [get_bd_cells GraphicTop_0]'
redo
INFO: [Common 17-16] redo 'delete_bd_objs [get_bd_nets GraphicTop_0_hdmi_tx_ch0_n] [get_bd_nets clk_125m_1] [get_bd_nets btn2_1] [get_bd_nets axi_gpio_1_gpio_io_o] [get_bd_nets GraphicTop_0_hdmi_tx_ch0_p] [get_bd_nets GraphicTop_0_hdmi_tx_ch1_n] [get_bd_nets GraphicTop_0_hdmi_tx_ch2_p] [get_bd_nets GraphicTop_0_hdmi_tx_ch2_n] [get_bd_nets GraphicTop_0_hdmi_tx_clk_p] [get_bd_nets GraphicTop_0_gpio_out] [get_bd_nets btn0_1] [get_bd_nets GraphicTop_0_hdmi_tx_ch1_p] [get_bd_nets GraphicTop_0_hdmi_tx_clk_n] [get_bd_cells GraphicTop_0]'
redo
INFO: [Common 17-16] redo 'startgroup'
INFO: [Common 17-16] redo 'create_bd_cell -type ip -vlnv xilinx.com:user:GraphicTop:1.0 GraphicTop_0'
INFO: [Common 17-16] redo 'endgroup'
set_property location {4 1186 -91} [get_bd_cells GraphicTop_0]
startgroup
set_property CONFIG.C_GPIO_WIDTH {1} [get_bd_cells axi_gpio_1]
endgroup
startgroup
set_property CONFIG.C_GPIO_WIDTH {2} [get_bd_cells axi_gpio_0]
endgroup
connect_bd_net [get_bd_pins GraphicTop_0/gpio_out] [get_bd_pins axi_gpio_0/gpio_io_i]
WARNING: [BD 41-1306] The connection to interface pin </axi_gpio_0/gpio_io_i> is being overridden by the user with net <GraphicTop_0_gpio_out>. This pin will not be connected as a part of interface connection <GPIO>.
delete_bd_objs [get_bd_nets GraphicTop_0_gpio_out]
connect_bd_net [get_bd_pins GraphicTop_0/gpio_out] [get_bd_pins axi_gpio_1/gpio_io_i]
WARNING: [BD 41-1306] The connection to interface pin </axi_gpio_1/gpio_io_i> is being overridden by the user with net <GraphicTop_0_gpio_out>. This pin will not be connected as a part of interface connection <GPIO>.
connect_bd_net [get_bd_pins axi_gpio_0/gpio_io_i] [get_bd_pins GraphicTop_0/gpio_in]
WARNING: [BD 41-1306] The connection to interface pin </axi_gpio_0/gpio_io_i> is being overridden by the user with net <Net>. This pin will not be connected as a part of interface connection <GPIO>.
connect_bd_net [get_bd_ports clk_125m] [get_bd_pins GraphicTop_0/btn2]
delete_bd_objs [get_bd_nets clk_125m_1]
connect_bd_net [get_bd_ports clk_125m] [get_bd_pins GraphicTop_0/clk_125m]
connect_bd_net [get_bd_ports btn0] [get_bd_pins GraphicTop_0/btn0]
connect_bd_net [get_bd_ports btn2] [get_bd_pins GraphicTop_0/btn2]
connect_bd_net [get_bd_ports hdmi_tx_ch0_p] [get_bd_pins GraphicTop_0/hdmi_tx_ch0_p]
connect_bd_net [get_bd_ports hdmi_tx_ch0_n] [get_bd_pins GraphicTop_0/hdmi_tx_ch0_p]
delete_bd_objs [get_bd_nets GraphicTop_0_hdmi_tx_ch0_p]
connect_bd_net [get_bd_ports hdmi_tx_ch0_p] [get_bd_pins GraphicTop_0/hdmi_tx_ch0_p]
connect_bd_net [get_bd_ports hdmi_tx_ch0_n] [get_bd_pins GraphicTop_0/hdmi_tx_ch0_p]
delete_bd_objs [get_bd_nets GraphicTop_0_hdmi_tx_ch0_p]
set_property location {3 1217 -269} [get_bd_cells GraphicTop_0]
connect_bd_net [get_bd_ports hdmi_tx_ch0_p] [get_bd_pins GraphicTop_0/hdmi_tx_ch0_p]
delete_bd_objs [get_bd_nets GraphicTop_0_hdmi_tx_ch0_p]
connect_bd_net [get_bd_ports hdmi_tx_ch0_p] [get_bd_pins GraphicTop_0/hdmi_tx_ch0_p]
connect_bd_net [get_bd_ports hdmi_tx_ch0_n] [get_bd_pins GraphicTop_0/hdmi_tx_ch0_n]
connect_bd_net [get_bd_ports hdmi_tx_ch1_p] [get_bd_pins GraphicTop_0/hdmi_tx_ch1_p]
connect_bd_net [get_bd_ports hdmi_tx_ch1_n] [get_bd_pins GraphicTop_0/hdmi_tx_ch1_n]
connect_bd_net [get_bd_ports hdmi_tx_ch2_p] [get_bd_pins GraphicTop_0/hdmi_tx_ch2_p]
connect_bd_net [get_bd_ports hdmi_tx_ch2_n] [get_bd_pins GraphicTop_0/hdmi_tx_ch2_n]
connect_bd_net [get_bd_ports hdmi_tx_clk_p] [get_bd_pins GraphicTop_0/hdmi_tx_clk_p]
connect_bd_net [get_bd_ports hdmi_tx_clk_n] [get_bd_pins GraphicTop_0/hdmi_tx_clk_n]
save_bd_design
WARNING: [BD 41-597] NET <Net> has no source
Wrote  : <C:\Users\Jeyun\Desktop\fpga\barami_project-2023\barami_game\barami_game\barami_game.srcs\sources_1\bd\design_1\design_1.bd> 
Wrote  : <C:/Users/Jeyun/Desktop/fpga/barami_project-2023/barami_game/barami_game/barami_game.srcs/sources_1/bd/design_1/ui/bd_1f5defd0.ui> 
reset_run synth_1
INFO: [Project 1-1161] Replacing file C:/Users/Jeyun/Desktop/fpga/barami_project-2023/barami_game/barami_game/barami_game.srcs/utils_1/imports/synth_1/TOP.dcp with file C:/Users/Jeyun/Desktop/fpga/barami_project-2023/barami_game/barami_game/barami_game.runs/synth_1/design_1_wrapper.dcp
reset_run design_1_axi_gpio_1_0_synth_1
launch_runs impl_1 -to_step write_bitstream -jobs 16
INFO: [xilinx.com:ip:clk_wiz:6.0-1] /clk_wiz_0 clk_wiz propagate
WARNING: [BD 41-927] Following properties on pin /mypara2seri_0/reset have been updated from connected ip, but BD cell '/mypara2seri_0' does not accept parameter changes, so they may not be synchronized with cell properties:
	POLARITY = ACTIVE_HIGH 
Please resolve any mismatches by directly setting properties on BD cell </mypara2seri_0> to completely resolve these warnings.
WARNING: [BD 41-927] Following properties on pin /mypara2seri_0/s00_axis_aclk have been updated from connected ip, but BD cell '/mypara2seri_0' does not accept parameter changes, so they may not be synchronized with cell properties:
	FREQ_HZ = 50000000 
Please resolve any mismatches by directly setting properties on BD cell </mypara2seri_0> to completely resolve these warnings.
CRITICAL WARNING: [BD 41-759] The input pins (listed below) are either not connected or do not have a source port, and they don't have a tie-off specified. These pins are tied-off to all 0's to avoid error in Implementation flow.
Please check your design and connect them as needed: 
/axi_gpio_0/gpio_io_i
/GraphicTop_0/gpio_in

WARNING: [BD 41-1771] Block interface /axi_iic_0/IIC has associated board param 'IIC_BOARD_INTERFACE', which is set to board part interface 'hdmi_in_ddc'. This interface is connected to an external interface /IIC, whose name 'IIC' does not match with the board interface name 'hdmi_in_ddc'.
This is a visual-only issue - this interface /axi_iic_0/IIC will be connected to board interface 'hdmi_in_ddc'. If desired, please change the name of this port /IIC manually.
WARNING: [BD 41-597] NET <Net> has no source
Wrote  : <C:\Users\Jeyun\Desktop\fpga\barami_project-2023\barami_game\barami_game\barami_game.srcs\sources_1\bd\design_1\design_1.bd> 
WARNING: [BD 41-166] Source port for the net:Net is NULL! Connection will be grounded!
Verilog Output written to : c:/Users/Jeyun/Desktop/fpga/barami_project-2023/barami_game/barami_game/barami_game.gen/sources_1/bd/design_1/synth/design_1.v
WARNING: [BD 41-166] Source port for the net:Net is NULL! Connection will be grounded!
Verilog Output written to : c:/Users/Jeyun/Desktop/fpga/barami_project-2023/barami_game/barami_game/barami_game.gen/sources_1/bd/design_1/sim/design_1.v
Verilog Output written to : c:/Users/Jeyun/Desktop/fpga/barami_project-2023/barami_game/barami_game/barami_game.gen/sources_1/bd/design_1/hdl/design_1_wrapper.v
INFO: [BD 41-1029] Generation completed for the IP Integrator block axi_gpio_0 .
INFO: [BD 41-1029] Generation completed for the IP Integrator block axi_gpio_1 .
INFO: [BD 41-1029] Generation completed for the IP Integrator block GraphicTop_0 .
WARNING: [IP_Flow 19-4994] Overwriting existing constraint file 'c:/Users/Jeyun/Desktop/fpga/barami_project-2023/barami_game/barami_game/barami_game.gen/sources_1/bd/design_1/ip/design_1_auto_pc_0/design_1_auto_pc_0_ooc.xdc'
INFO: [BD 41-1029] Generation completed for the IP Integrator block ps7_0_axi_periph/s00_couplers/auto_pc .
Exporting to file c:/Users/Jeyun/Desktop/fpga/barami_project-2023/barami_game/barami_game/barami_game.gen/sources_1/bd/design_1/hw_handoff/design_1.hwh
Generated Hardware Definition File c:/Users/Jeyun/Desktop/fpga/barami_project-2023/barami_game/barami_game/barami_game.gen/sources_1/bd/design_1/synth/design_1.hwdef
INFO: [IP_Flow 19-6930] IPCACHE: runCacheChecks() number of threads = 8
INFO: [IP_Flow 19-6921] IPCACHE: Adding cache check func to thread queue for IP design_1_GraphicTop_0_2
INFO: [IP_Flow 19-6921] IPCACHE: Adding cache check func to thread queue for IP design_1_auto_pc_0
INFO: [IP_Flow 19-6921] IPCACHE: Adding cache check func to thread queue for IP design_1_axi_gpio_0_0
INFO: [IP_Flow 19-6921] IPCACHE: Adding cache check func to thread queue for IP design_1_axi_gpio_1_0
INFO: [IP_Flow 19-8020] IPCACHE: runCacheChecks() calling threadPool finishWork()
INFO: [IP_Flow 19-6924] IPCACHE: Running cache check for IP inst: design_1_GraphicTop_0_2
INFO: [IP_Flow 19-6924] IPCACHE: Running cache check for IP inst: design_1_auto_pc_0
INFO: [IP_Flow 19-6922] IPCACHE: Exporting cached entry dbe963c081bd2742 to dir: c:/Users/Jeyun/Desktop/fpga/barami_project-2023/barami_game/barami_game/barami_game.gen/sources_1/bd/design_1/ip/design_1_auto_pc_0
INFO: [IP_Flow 19-6928] IPCACHE: copied cached file c:/Users/Jeyun/Desktop/fpga/barami_project-2023/barami_game/barami_game/barami_game.cache/ip/2022.2/d/b/dbe963c081bd2742/design_1_auto_pc_0.dcp to c:/Users/Jeyun/Desktop/fpga/barami_project-2023/barami_game/barami_game/barami_game.gen/sources_1/bd/design_1/ip/design_1_auto_pc_0/design_1_auto_pc_0.dcp.
INFO: [IP_Flow 19-6926] IPCACHE: added file to list for BOM: c:/Users/Jeyun/Desktop/fpga/barami_project-2023/barami_game/barami_game/barami_game.gen/sources_1/bd/design_1/ip/design_1_auto_pc_0/design_1_auto_pc_0.dcp
INFO: [IP_Flow 19-6928] IPCACHE: copied cached file c:/Users/Jeyun/Desktop/fpga/barami_project-2023/barami_game/barami_game/barami_game.cache/ip/2022.2/d/b/dbe963c081bd2742/design_1_auto_pc_0_sim_netlist.v to c:/Users/Jeyun/Desktop/fpga/barami_project-2023/barami_game/barami_game/barami_game.gen/sources_1/bd/design_1/ip/design_1_auto_pc_0/design_1_auto_pc_0_sim_netlist.v.
INFO: [IP_Flow 19-6926] IPCACHE: added file to list for BOM: c:/Users/Jeyun/Desktop/fpga/barami_project-2023/barami_game/barami_game/barami_game.gen/sources_1/bd/design_1/ip/design_1_auto_pc_0/design_1_auto_pc_0_sim_netlist.v
INFO: [IP_Flow 19-6928] IPCACHE: copied cached file c:/Users/Jeyun/Desktop/fpga/barami_project-2023/barami_game/barami_game/barami_game.cache/ip/2022.2/d/b/dbe963c081bd2742/design_1_auto_pc_0_sim_netlist.vhdl to c:/Users/Jeyun/Desktop/fpga/barami_project-2023/barami_game/barami_game/barami_game.gen/sources_1/bd/design_1/ip/design_1_auto_pc_0/design_1_auto_pc_0_sim_netlist.vhdl.
INFO: [IP_Flow 19-6926] IPCACHE: added file to list for BOM: c:/Users/Jeyun/Desktop/fpga/barami_project-2023/barami_game/barami_game/barami_game.gen/sources_1/bd/design_1/ip/design_1_auto_pc_0/design_1_auto_pc_0_sim_netlist.vhdl
INFO: [IP_Flow 19-6928] IPCACHE: copied cached file c:/Users/Jeyun/Desktop/fpga/barami_project-2023/barami_game/barami_game/barami_game.cache/ip/2022.2/d/b/dbe963c081bd2742/design_1_auto_pc_0_stub.v to c:/Users/Jeyun/Desktop/fpga/barami_project-2023/barami_game/barami_game/barami_game.gen/sources_1/bd/design_1/ip/design_1_auto_pc_0/design_1_auto_pc_0_stub.v.
INFO: [IP_Flow 19-6926] IPCACHE: added file to list for BOM: c:/Users/Jeyun/Desktop/fpga/barami_project-2023/barami_game/barami_game/barami_game.gen/sources_1/bd/design_1/ip/design_1_auto_pc_0/design_1_auto_pc_0_stub.v
INFO: [IP_Flow 19-6928] IPCACHE: copied cached file c:/Users/Jeyun/Desktop/fpga/barami_project-2023/barami_game/barami_game/barami_game.cache/ip/2022.2/d/b/dbe963c081bd2742/design_1_auto_pc_0_stub.vhdl to c:/Users/Jeyun/Desktop/fpga/barami_project-2023/barami_game/barami_game/barami_game.gen/sources_1/bd/design_1/ip/design_1_auto_pc_0/design_1_auto_pc_0_stub.vhdl.
INFO: [IP_Flow 19-6926] IPCACHE: added file to list for BOM: c:/Users/Jeyun/Desktop/fpga/barami_project-2023/barami_game/barami_game/barami_game.gen/sources_1/bd/design_1/ip/design_1_auto_pc_0/design_1_auto_pc_0_stub.vhdl
INFO: [IP_Flow 19-4993] Using cached IP synthesis design for IP design_1_auto_pc_0, cache-ID = dbe963c081bd2742; cache size = 6.789 MB.
INFO: [IP_Flow 19-6924] IPCACHE: Running cache check for IP inst: design_1_axi_gpio_0_0
INFO: [IP_Flow 19-6922] IPCACHE: Exporting cached entry 46f3ecbe363c39f8 to dir: c:/Users/Jeyun/Desktop/fpga/barami_project-2023/barami_game/barami_game/barami_game.gen/sources_1/bd/design_1/ip/design_1_axi_gpio_0_0
INFO: [IP_Flow 19-6928] IPCACHE: copied cached file c:/Users/Jeyun/Desktop/fpga/barami_project-2023/barami_game/barami_game/barami_game.cache/ip/2022.2/4/6/46f3ecbe363c39f8/design_1_axi_gpio_0_0.dcp to c:/Users/Jeyun/Desktop/fpga/barami_project-2023/barami_game/barami_game/barami_game.gen/sources_1/bd/design_1/ip/design_1_axi_gpio_0_0/design_1_axi_gpio_0_0.dcp.
INFO: [IP_Flow 19-6926] IPCACHE: added file to list for BOM: c:/Users/Jeyun/Desktop/fpga/barami_project-2023/barami_game/barami_game/barami_game.gen/sources_1/bd/design_1/ip/design_1_axi_gpio_0_0/design_1_axi_gpio_0_0.dcp
INFO: [IP_Flow 19-6928] IPCACHE: copied cached file c:/Users/Jeyun/Desktop/fpga/barami_project-2023/barami_game/barami_game/barami_game.cache/ip/2022.2/4/6/46f3ecbe363c39f8/design_1_axi_gpio_0_0_sim_netlist.v to c:/Users/Jeyun/Desktop/fpga/barami_project-2023/barami_game/barami_game/barami_game.gen/sources_1/bd/design_1/ip/design_1_axi_gpio_0_0/design_1_axi_gpio_0_0_sim_netlist.v.
INFO: [IP_Flow 19-6926] IPCACHE: added file to list for BOM: c:/Users/Jeyun/Desktop/fpga/barami_project-2023/barami_game/barami_game/barami_game.gen/sources_1/bd/design_1/ip/design_1_axi_gpio_0_0/design_1_axi_gpio_0_0_sim_netlist.v
INFO: [IP_Flow 19-6928] IPCACHE: copied cached file c:/Users/Jeyun/Desktop/fpga/barami_project-2023/barami_game/barami_game/barami_game.cache/ip/2022.2/4/6/46f3ecbe363c39f8/design_1_axi_gpio_0_0_sim_netlist.vhdl to c:/Users/Jeyun/Desktop/fpga/barami_project-2023/barami_game/barami_game/barami_game.gen/sources_1/bd/design_1/ip/design_1_axi_gpio_0_0/design_1_axi_gpio_0_0_sim_netlist.vhdl.
INFO: [IP_Flow 19-6926] IPCACHE: added file to list for BOM: c:/Users/Jeyun/Desktop/fpga/barami_project-2023/barami_game/barami_game/barami_game.gen/sources_1/bd/design_1/ip/design_1_axi_gpio_0_0/design_1_axi_gpio_0_0_sim_netlist.vhdl
INFO: [IP_Flow 19-6928] IPCACHE: copied cached file c:/Users/Jeyun/Desktop/fpga/barami_project-2023/barami_game/barami_game/barami_game.cache/ip/2022.2/4/6/46f3ecbe363c39f8/design_1_axi_gpio_0_0_stub.v to c:/Users/Jeyun/Desktop/fpga/barami_project-2023/barami_game/barami_game/barami_game.gen/sources_1/bd/design_1/ip/design_1_axi_gpio_0_0/design_1_axi_gpio_0_0_stub.v.
INFO: [IP_Flow 19-6926] IPCACHE: added file to list for BOM: c:/Users/Jeyun/Desktop/fpga/barami_project-2023/barami_game/barami_game/barami_game.gen/sources_1/bd/design_1/ip/design_1_axi_gpio_0_0/design_1_axi_gpio_0_0_stub.v
INFO: [IP_Flow 19-6928] IPCACHE: copied cached file c:/Users/Jeyun/Desktop/fpga/barami_project-2023/barami_game/barami_game/barami_game.cache/ip/2022.2/4/6/46f3ecbe363c39f8/design_1_axi_gpio_0_0_stub.vhdl to c:/Users/Jeyun/Desktop/fpga/barami_project-2023/barami_game/barami_game/barami_game.gen/sources_1/bd/design_1/ip/design_1_axi_gpio_0_0/design_1_axi_gpio_0_0_stub.vhdl.
INFO: [IP_Flow 19-6926] IPCACHE: added file to list for BOM: c:/Users/Jeyun/Desktop/fpga/barami_project-2023/barami_game/barami_game/barami_game.gen/sources_1/bd/design_1/ip/design_1_axi_gpio_0_0/design_1_axi_gpio_0_0_stub.vhdl
INFO: [IP_Flow 19-4993] Using cached IP synthesis design for IP design_1_axi_gpio_0_0, cache-ID = 46f3ecbe363c39f8; cache size = 6.789 MB.
INFO: [IP_Flow 19-6924] IPCACHE: Running cache check for IP inst: design_1_axi_gpio_1_0
INFO: [IP_Flow 19-6922] IPCACHE: Exporting cached entry 18ead82bf3c83fbc to dir: c:/Users/Jeyun/Desktop/fpga/barami_project-2023/barami_game/barami_game/barami_game.gen/sources_1/bd/design_1/ip/design_1_axi_gpio_1_0
INFO: [IP_Flow 19-6928] IPCACHE: copied cached file c:/Users/Jeyun/Desktop/fpga/barami_project-2023/barami_game/barami_game/barami_game.cache/ip/2022.2/1/8/18ead82bf3c83fbc/design_1_axi_gpio_0_0.dcp to c:/Users/Jeyun/Desktop/fpga/barami_project-2023/barami_game/barami_game/barami_game.gen/sources_1/bd/design_1/ip/design_1_axi_gpio_1_0/design_1_axi_gpio_1_0.dcp.
INFO: [IP_Flow 19-6926] IPCACHE: added file to list for BOM: c:/Users/Jeyun/Desktop/fpga/barami_project-2023/barami_game/barami_game/barami_game.gen/sources_1/bd/design_1/ip/design_1_axi_gpio_1_0/design_1_axi_gpio_1_0.dcp
INFO: [IP_Flow 19-6928] IPCACHE: copied cached file c:/Users/Jeyun/Desktop/fpga/barami_project-2023/barami_game/barami_game/barami_game.cache/ip/2022.2/1/8/18ead82bf3c83fbc/design_1_axi_gpio_0_0_sim_netlist.v to c:/Users/Jeyun/Desktop/fpga/barami_project-2023/barami_game/barami_game/barami_game.gen/sources_1/bd/design_1/ip/design_1_axi_gpio_1_0/design_1_axi_gpio_1_0_sim_netlist.v.
INFO: [IP_Flow 19-6926] IPCACHE: added file to list for BOM: c:/Users/Jeyun/Desktop/fpga/barami_project-2023/barami_game/barami_game/barami_game.gen/sources_1/bd/design_1/ip/design_1_axi_gpio_1_0/design_1_axi_gpio_1_0_sim_netlist.v
INFO: [IP_Flow 19-6928] IPCACHE: copied cached file c:/Users/Jeyun/Desktop/fpga/barami_project-2023/barami_game/barami_game/barami_game.cache/ip/2022.2/1/8/18ead82bf3c83fbc/design_1_axi_gpio_0_0_sim_netlist.vhdl to c:/Users/Jeyun/Desktop/fpga/barami_project-2023/barami_game/barami_game/barami_game.gen/sources_1/bd/design_1/ip/design_1_axi_gpio_1_0/design_1_axi_gpio_1_0_sim_netlist.vhdl.
INFO: [IP_Flow 19-6926] IPCACHE: added file to list for BOM: c:/Users/Jeyun/Desktop/fpga/barami_project-2023/barami_game/barami_game/barami_game.gen/sources_1/bd/design_1/ip/design_1_axi_gpio_1_0/design_1_axi_gpio_1_0_sim_netlist.vhdl
INFO: [IP_Flow 19-6928] IPCACHE: copied cached file c:/Users/Jeyun/Desktop/fpga/barami_project-2023/barami_game/barami_game/barami_game.cache/ip/2022.2/1/8/18ead82bf3c83fbc/design_1_axi_gpio_0_0_stub.v to c:/Users/Jeyun/Desktop/fpga/barami_project-2023/barami_game/barami_game/barami_game.gen/sources_1/bd/design_1/ip/design_1_axi_gpio_1_0/design_1_axi_gpio_1_0_stub.v.
INFO: [IP_Flow 19-6926] IPCACHE: added file to list for BOM: c:/Users/Jeyun/Desktop/fpga/barami_project-2023/barami_game/barami_game/barami_game.gen/sources_1/bd/design_1/ip/design_1_axi_gpio_1_0/design_1_axi_gpio_1_0_stub.v
INFO: [IP_Flow 19-6928] IPCACHE: copied cached file c:/Users/Jeyun/Desktop/fpga/barami_project-2023/barami_game/barami_game/barami_game.cache/ip/2022.2/1/8/18ead82bf3c83fbc/design_1_axi_gpio_0_0_stub.vhdl to c:/Users/Jeyun/Desktop/fpga/barami_project-2023/barami_game/barami_game/barami_game.gen/sources_1/bd/design_1/ip/design_1_axi_gpio_1_0/design_1_axi_gpio_1_0_stub.vhdl.
INFO: [IP_Flow 19-6926] IPCACHE: added file to list for BOM: c:/Users/Jeyun/Desktop/fpga/barami_project-2023/barami_game/barami_game/barami_game.gen/sources_1/bd/design_1/ip/design_1_axi_gpio_1_0/design_1_axi_gpio_1_0_stub.vhdl
INFO: [IP_Flow 19-4993] Using cached IP synthesis design for IP design_1_axi_gpio_1_0, cache-ID = 18ead82bf3c83fbc; cache size = 6.789 MB.
[Thu Nov 16 00:06:06 2023] Launched design_1_GraphicTop_0_2_synth_1, synth_1...
Run output will be captured here:
design_1_GraphicTop_0_2_synth_1: C:/Users/Jeyun/Desktop/fpga/barami_project-2023/barami_game/barami_game/barami_game.runs/design_1_GraphicTop_0_2_synth_1/runme.log
synth_1: C:/Users/Jeyun/Desktop/fpga/barami_project-2023/barami_game/barami_game/barami_game.runs/synth_1/runme.log
[Thu Nov 16 00:06:06 2023] Launched impl_1...
Run output will be captured here: C:/Users/Jeyun/Desktop/fpga/barami_project-2023/barami_game/barami_game/barami_game.runs/impl_1/runme.log
launch_runs: Time (s): cpu = 00:00:12 ; elapsed = 00:00:31 . Memory (MB): peak = 2799.590 ; gain = 267.031
reset_run synth_1
reset_run design_1_GraphicTop_0_2_synth_1
WARNING: [Vivado 12-1017] Problems encountered:
1. Failed to delete one or more files in run directory C:/Users/Jeyun/Desktop/fpga/barami_project-2023/barami_game/barami_game/barami_game.runs/design_1_GraphicTop_0_2_synth_1

startgroup
set_property -dict [list \
  CONFIG.C_ALL_INPUTS {0} \
  CONFIG.C_ALL_OUTPUTS {1} \
] [get_bd_cells axi_gpio_0]
WARNING: [BD 41-1684] Pin /axi_gpio_0/gpio_io_i is now disabled. All connections to this pin have been removed. 
delete_bd_objs [get_bd_nets Net]
endgroup
connect_bd_net [get_bd_pins axi_gpio_0/gpio_io_o] [get_bd_pins GraphicTop_0/gpio_in]
WARNING: [BD 41-1306] The connection to interface pin </axi_gpio_0/gpio_io_o> is being overridden by the user with net <axi_gpio_0_gpio_io_o>. This pin will not be connected as a part of interface connection <GPIO>.
save_bd_design
Wrote  : <C:\Users\Jeyun\Desktop\fpga\barami_project-2023\barami_game\barami_game\barami_game.srcs\sources_1\bd\design_1\design_1.bd> 
Wrote  : <C:/Users/Jeyun/Desktop/fpga/barami_project-2023/barami_game/barami_game/barami_game.srcs/sources_1/bd/design_1/ui/bd_1f5defd0.ui> 
launch_runs impl_1 -to_step write_bitstream -jobs 16
INFO: [xilinx.com:ip:clk_wiz:6.0-1] /clk_wiz_0 clk_wiz propagate
WARNING: [BD 41-927] Following properties on pin /mypara2seri_0/reset have been updated from connected ip, but BD cell '/mypara2seri_0' does not accept parameter changes, so they may not be synchronized with cell properties:
	POLARITY = ACTIVE_HIGH 
Please resolve any mismatches by directly setting properties on BD cell </mypara2seri_0> to completely resolve these warnings.
WARNING: [BD 41-927] Following properties on pin /mypara2seri_0/s00_axis_aclk have been updated from connected ip, but BD cell '/mypara2seri_0' does not accept parameter changes, so they may not be synchronized with cell properties:
	FREQ_HZ = 50000000 
Please resolve any mismatches by directly setting properties on BD cell </mypara2seri_0> to completely resolve these warnings.
WARNING: [BD 41-1771] Block interface /axi_iic_0/IIC has associated board param 'IIC_BOARD_INTERFACE', which is set to board part interface 'hdmi_in_ddc'. This interface is connected to an external interface /IIC, whose name 'IIC' does not match with the board interface name 'hdmi_in_ddc'.
This is a visual-only issue - this interface /axi_iic_0/IIC will be connected to board interface 'hdmi_in_ddc'. If desired, please change the name of this port /IIC manually.
Wrote  : <C:\Users\Jeyun\Desktop\fpga\barami_project-2023\barami_game\barami_game\barami_game.srcs\sources_1\bd\design_1\design_1.bd> 
Verilog Output written to : c:/Users/Jeyun/Desktop/fpga/barami_project-2023/barami_game/barami_game/barami_game.gen/sources_1/bd/design_1/synth/design_1.v
Verilog Output written to : c:/Users/Jeyun/Desktop/fpga/barami_project-2023/barami_game/barami_game/barami_game.gen/sources_1/bd/design_1/sim/design_1.v
Verilog Output written to : c:/Users/Jeyun/Desktop/fpga/barami_project-2023/barami_game/barami_game/barami_game.gen/sources_1/bd/design_1/hdl/design_1_wrapper.v
INFO: [BD 41-1029] Generation completed for the IP Integrator block axi_gpio_0 .
WARNING: [IP_Flow 19-4994] Overwriting existing constraint file 'c:/Users/Jeyun/Desktop/fpga/barami_project-2023/barami_game/barami_game/barami_game.gen/sources_1/bd/design_1/ip/design_1_auto_pc_0/design_1_auto_pc_0_ooc.xdc'
INFO: [BD 41-1029] Generation completed for the IP Integrator block ps7_0_axi_periph/s00_couplers/auto_pc .
Exporting to file c:/Users/Jeyun/Desktop/fpga/barami_project-2023/barami_game/barami_game/barami_game.gen/sources_1/bd/design_1/hw_handoff/design_1.hwh
Generated Hardware Definition File c:/Users/Jeyun/Desktop/fpga/barami_project-2023/barami_game/barami_game/barami_game.gen/sources_1/bd/design_1/synth/design_1.hwdef
INFO: [IP_Flow 19-6930] IPCACHE: runCacheChecks() number of threads = 8
INFO: [IP_Flow 19-6921] IPCACHE: Adding cache check func to thread queue for IP design_1_GraphicTop_0_2
INFO: [IP_Flow 19-6921] IPCACHE: Adding cache check func to thread queue for IP design_1_auto_pc_0
INFO: [IP_Flow 19-6921] IPCACHE: Adding cache check func to thread queue for IP design_1_axi_gpio_0_0
INFO: [IP_Flow 19-8020] IPCACHE: runCacheChecks() calling threadPool finishWork()
INFO: [IP_Flow 19-6924] IPCACHE: Running cache check for IP inst: design_1_GraphicTop_0_2
INFO: [IP_Flow 19-6924] IPCACHE: Running cache check for IP inst: design_1_auto_pc_0
INFO: [IP_Flow 19-6922] IPCACHE: Exporting cached entry dbe963c081bd2742 to dir: c:/Users/Jeyun/Desktop/fpga/barami_project-2023/barami_game/barami_game/barami_game.gen/sources_1/bd/design_1/ip/design_1_auto_pc_0
INFO: [IP_Flow 19-6928] IPCACHE: copied cached file c:/Users/Jeyun/Desktop/fpga/barami_project-2023/barami_game/barami_game/barami_game.cache/ip/2022.2/d/b/dbe963c081bd2742/design_1_auto_pc_0.dcp to c:/Users/Jeyun/Desktop/fpga/barami_project-2023/barami_game/barami_game/barami_game.gen/sources_1/bd/design_1/ip/design_1_auto_pc_0/design_1_auto_pc_0.dcp.
INFO: [IP_Flow 19-6926] IPCACHE: added file to list for BOM: c:/Users/Jeyun/Desktop/fpga/barami_project-2023/barami_game/barami_game/barami_game.gen/sources_1/bd/design_1/ip/design_1_auto_pc_0/design_1_auto_pc_0.dcp
INFO: [IP_Flow 19-6928] IPCACHE: copied cached file c:/Users/Jeyun/Desktop/fpga/barami_project-2023/barami_game/barami_game/barami_game.cache/ip/2022.2/d/b/dbe963c081bd2742/design_1_auto_pc_0_sim_netlist.v to c:/Users/Jeyun/Desktop/fpga/barami_project-2023/barami_game/barami_game/barami_game.gen/sources_1/bd/design_1/ip/design_1_auto_pc_0/design_1_auto_pc_0_sim_netlist.v.
INFO: [IP_Flow 19-6926] IPCACHE: added file to list for BOM: c:/Users/Jeyun/Desktop/fpga/barami_project-2023/barami_game/barami_game/barami_game.gen/sources_1/bd/design_1/ip/design_1_auto_pc_0/design_1_auto_pc_0_sim_netlist.v
INFO: [IP_Flow 19-6928] IPCACHE: copied cached file c:/Users/Jeyun/Desktop/fpga/barami_project-2023/barami_game/barami_game/barami_game.cache/ip/2022.2/d/b/dbe963c081bd2742/design_1_auto_pc_0_sim_netlist.vhdl to c:/Users/Jeyun/Desktop/fpga/barami_project-2023/barami_game/barami_game/barami_game.gen/sources_1/bd/design_1/ip/design_1_auto_pc_0/design_1_auto_pc_0_sim_netlist.vhdl.
INFO: [IP_Flow 19-6926] IPCACHE: added file to list for BOM: c:/Users/Jeyun/Desktop/fpga/barami_project-2023/barami_game/barami_game/barami_game.gen/sources_1/bd/design_1/ip/design_1_auto_pc_0/design_1_auto_pc_0_sim_netlist.vhdl
INFO: [IP_Flow 19-6928] IPCACHE: copied cached file c:/Users/Jeyun/Desktop/fpga/barami_project-2023/barami_game/barami_game/barami_game.cache/ip/2022.2/d/b/dbe963c081bd2742/design_1_auto_pc_0_stub.v to c:/Users/Jeyun/Desktop/fpga/barami_project-2023/barami_game/barami_game/barami_game.gen/sources_1/bd/design_1/ip/design_1_auto_pc_0/design_1_auto_pc_0_stub.v.
INFO: [IP_Flow 19-6926] IPCACHE: added file to list for BOM: c:/Users/Jeyun/Desktop/fpga/barami_project-2023/barami_game/barami_game/barami_game.gen/sources_1/bd/design_1/ip/design_1_auto_pc_0/design_1_auto_pc_0_stub.v
INFO: [IP_Flow 19-6928] IPCACHE: copied cached file c:/Users/Jeyun/Desktop/fpga/barami_project-2023/barami_game/barami_game/barami_game.cache/ip/2022.2/d/b/dbe963c081bd2742/design_1_auto_pc_0_stub.vhdl to c:/Users/Jeyun/Desktop/fpga/barami_project-2023/barami_game/barami_game/barami_game.gen/sources_1/bd/design_1/ip/design_1_auto_pc_0/design_1_auto_pc_0_stub.vhdl.
INFO: [IP_Flow 19-6926] IPCACHE: added file to list for BOM: c:/Users/Jeyun/Desktop/fpga/barami_project-2023/barami_game/barami_game/barami_game.gen/sources_1/bd/design_1/ip/design_1_auto_pc_0/design_1_auto_pc_0_stub.vhdl
INFO: [IP_Flow 19-4993] Using cached IP synthesis design for IP design_1_auto_pc_0, cache-ID = dbe963c081bd2742; cache size = 6.789 MB.
INFO: [IP_Flow 19-6924] IPCACHE: Running cache check for IP inst: design_1_axi_gpio_0_0
INFO: [IP_Flow 19-6922] IPCACHE: Exporting cached entry 880dc29850b9ba93 to dir: c:/Users/Jeyun/Desktop/fpga/barami_project-2023/barami_game/barami_game/barami_game.gen/sources_1/bd/design_1/ip/design_1_axi_gpio_0_0
INFO: [IP_Flow 19-6928] IPCACHE: copied cached file c:/Users/Jeyun/Desktop/fpga/barami_project-2023/barami_game/barami_game/barami_game.cache/ip/2022.2/8/8/880dc29850b9ba93/design_1_axi_gpio_1_0.dcp to c:/Users/Jeyun/Desktop/fpga/barami_project-2023/barami_game/barami_game/barami_game.gen/sources_1/bd/design_1/ip/design_1_axi_gpio_0_0/design_1_axi_gpio_0_0.dcp.
INFO: [IP_Flow 19-6926] IPCACHE: added file to list for BOM: c:/Users/Jeyun/Desktop/fpga/barami_project-2023/barami_game/barami_game/barami_game.gen/sources_1/bd/design_1/ip/design_1_axi_gpio_0_0/design_1_axi_gpio_0_0.dcp
INFO: [IP_Flow 19-6928] IPCACHE: copied cached file c:/Users/Jeyun/Desktop/fpga/barami_project-2023/barami_game/barami_game/barami_game.cache/ip/2022.2/8/8/880dc29850b9ba93/design_1_axi_gpio_1_0_sim_netlist.v to c:/Users/Jeyun/Desktop/fpga/barami_project-2023/barami_game/barami_game/barami_game.gen/sources_1/bd/design_1/ip/design_1_axi_gpio_0_0/design_1_axi_gpio_0_0_sim_netlist.v.
INFO: [IP_Flow 19-6926] IPCACHE: added file to list for BOM: c:/Users/Jeyun/Desktop/fpga/barami_project-2023/barami_game/barami_game/barami_game.gen/sources_1/bd/design_1/ip/design_1_axi_gpio_0_0/design_1_axi_gpio_0_0_sim_netlist.v
INFO: [IP_Flow 19-6928] IPCACHE: copied cached file c:/Users/Jeyun/Desktop/fpga/barami_project-2023/barami_game/barami_game/barami_game.cache/ip/2022.2/8/8/880dc29850b9ba93/design_1_axi_gpio_1_0_sim_netlist.vhdl to c:/Users/Jeyun/Desktop/fpga/barami_project-2023/barami_game/barami_game/barami_game.gen/sources_1/bd/design_1/ip/design_1_axi_gpio_0_0/design_1_axi_gpio_0_0_sim_netlist.vhdl.
INFO: [IP_Flow 19-6926] IPCACHE: added file to list for BOM: c:/Users/Jeyun/Desktop/fpga/barami_project-2023/barami_game/barami_game/barami_game.gen/sources_1/bd/design_1/ip/design_1_axi_gpio_0_0/design_1_axi_gpio_0_0_sim_netlist.vhdl
INFO: [IP_Flow 19-6928] IPCACHE: copied cached file c:/Users/Jeyun/Desktop/fpga/barami_project-2023/barami_game/barami_game/barami_game.cache/ip/2022.2/8/8/880dc29850b9ba93/design_1_axi_gpio_1_0_stub.v to c:/Users/Jeyun/Desktop/fpga/barami_project-2023/barami_game/barami_game/barami_game.gen/sources_1/bd/design_1/ip/design_1_axi_gpio_0_0/design_1_axi_gpio_0_0_stub.v.
INFO: [IP_Flow 19-6926] IPCACHE: added file to list for BOM: c:/Users/Jeyun/Desktop/fpga/barami_project-2023/barami_game/barami_game/barami_game.gen/sources_1/bd/design_1/ip/design_1_axi_gpio_0_0/design_1_axi_gpio_0_0_stub.v
INFO: [IP_Flow 19-6928] IPCACHE: copied cached file c:/Users/Jeyun/Desktop/fpga/barami_project-2023/barami_game/barami_game/barami_game.cache/ip/2022.2/8/8/880dc29850b9ba93/design_1_axi_gpio_1_0_stub.vhdl to c:/Users/Jeyun/Desktop/fpga/barami_project-2023/barami_game/barami_game/barami_game.gen/sources_1/bd/design_1/ip/design_1_axi_gpio_0_0/design_1_axi_gpio_0_0_stub.vhdl.
INFO: [IP_Flow 19-6926] IPCACHE: added file to list for BOM: c:/Users/Jeyun/Desktop/fpga/barami_project-2023/barami_game/barami_game/barami_game.gen/sources_1/bd/design_1/ip/design_1_axi_gpio_0_0/design_1_axi_gpio_0_0_stub.vhdl
INFO: [IP_Flow 19-4993] Using cached IP synthesis design for IP design_1_axi_gpio_0_0, cache-ID = 880dc29850b9ba93; cache size = 6.789 MB.
[Thu Nov 16 00:07:35 2023] Launched design_1_GraphicTop_0_2_synth_1, synth_1...
Run output will be captured here:
design_1_GraphicTop_0_2_synth_1: C:/Users/Jeyun/Desktop/fpga/barami_project-2023/barami_game/barami_game/barami_game.runs/design_1_GraphicTop_0_2_synth_1/runme.log
synth_1: C:/Users/Jeyun/Desktop/fpga/barami_project-2023/barami_game/barami_game/barami_game.runs/synth_1/runme.log
[Thu Nov 16 00:07:36 2023] Launched impl_1...
Run output will be captured here: C:/Users/Jeyun/Desktop/fpga/barami_project-2023/barami_game/barami_game/barami_game.runs/impl_1/runme.log
launch_runs: Time (s): cpu = 00:00:08 ; elapsed = 00:00:21 . Memory (MB): peak = 2825.398 ; gain = 25.809
open_run impl_1
INFO: [Device 21-403] Loading part xc7z010clg400-1
Netlist sorting complete. Time (s): cpu = 00:00:00 ; elapsed = 00:00:00.100 . Memory (MB): peak = 2876.895 ; gain = 0.000
INFO: [Netlist 29-17] Analyzing 140 Unisim elements for replacement
INFO: [Netlist 29-28] Unisim Transformation completed in 0 CPU seconds
INFO: [Project 1-479] Netlist was created with Vivado 2022.2
INFO: [Project 1-570] Preparing netlist for logic optimization
WARNING: [Constraints 18-550] Could not create 'IBUF_LOW_PWR' constraint because net 'design_1_i/clk_wiz_0/clk_in1' is not directly connected to top level port. Synthesis is ignored for IBUF_LOW_PWR but preserved for implementation.
INFO: [Timing 38-478] Restoring timing data from binary archive.
INFO: [Timing 38-479] Binary timing data restore complete.
INFO: [Project 1-856] Restoring constraints from binary archive.
INFO: [Project 1-853] Binary constraint restore complete.
Reading XDEF placement.
Reading placer database...
Reading XDEF routing.
Read XDEF Files: Time (s): cpu = 00:00:01 ; elapsed = 00:00:00.957 . Memory (MB): peak = 3654.570 ; gain = 0.000
Restored from archive | CPU: 1.000000 secs | Memory: 0.000000 MB |
Finished XDEF File Restore: Time (s): cpu = 00:00:01 ; elapsed = 00:00:00.958 . Memory (MB): peak = 3654.570 ; gain = 0.000
Netlist sorting complete. Time (s): cpu = 00:00:00 ; elapsed = 00:00:00.002 . Memory (MB): peak = 3654.570 ; gain = 0.000
INFO: [Project 1-111] Unisim Transformation Summary:
  A total of 2 instances were transformed.
  IOBUF => IOBUF (IBUF, OBUFT): 2 instances

open_run: Time (s): cpu = 00:00:17 ; elapsed = 00:00:21 . Memory (MB): peak = 3757.074 ; gain = 931.676
write_hw_platform -fixed -include_bit -force -file C:/Users/Jeyun/Desktop/fpga/barami_project-2023/barami_game/barami_game/design_1_wrapper.xsa
INFO: [Project 1-1918] Creating Hardware Platform: C:/Users/Jeyun/Desktop/fpga/barami_project-2023/barami_game/barami_game/design_1_wrapper.xsa ...
WARNING: [Project 1-645] Board images not set in Hardware Platform.
INFO: [Project 1-1943] The Hardware Platform can be used for Hardware
INFO: [Project 1-1941] Successfully created Hardware Platform: C:/Users/Jeyun/Desktop/fpga/barami_project-2023/barami_game/barami_game/design_1_wrapper.xsa
INFO: [Hsi 55-2053] elapsed time for repository (C:/Xilinx/Vivado/2022.2/data/embeddedsw) loading 1 seconds
open_bd_design {C:/Users/Jeyun/Desktop/fpga/barami_project-2023/barami_game/barami_game/barami_game.srcs/sources_1/bd/design_1/design_1.bd}
make_wrapper -files [get_files C:/Users/Jeyun/Desktop/fpga/barami_project-2023/barami_game/barami_game/barami_game.srcs/sources_1/bd/design_1/design_1.bd] -top
reset_run impl_1 -prev_step 
launch_runs impl_1 -to_step write_bitstream -jobs 16
[Thu Nov 16 00:18:02 2023] Launched impl_1...
Run output will be captured here: C:/Users/Jeyun/Desktop/fpga/barami_project-2023/barami_game/barami_game/barami_game.runs/impl_1/runme.log
write_hw_platform -fixed -include_bit -force -file C:/Users/Jeyun/Desktop/fpga/barami_project-2023/barami_game/barami_game/design_1_wrapper.xsa
INFO: [Project 1-1918] Creating Hardware Platform: C:/Users/Jeyun/Desktop/fpga/barami_project-2023/barami_game/barami_game/design_1_wrapper.xsa ...
WARNING: [Project 1-645] Board images not set in Hardware Platform.
INFO: [Project 1-1943] The Hardware Platform can be used for Hardware
INFO: [Project 1-1941] Successfully created Hardware Platform: C:/Users/Jeyun/Desktop/fpga/barami_project-2023/barami_game/barami_game/design_1_wrapper.xsa
exit
INFO: [Common 17-206] Exiting Vivado at Thu Nov 16 00:21:28 2023...
